#! /usr/bin/vvp
:ivl_version "10.3 (stable)";
:ivl_delay_selection "TYPICAL";
:vpi_time_precision + 0;
:vpi_module "system";
:vpi_module "vhdl_sys";
:vpi_module "v2005_math";
:vpi_module "va_math";
S_0x7fffe73efbc0 .scope module, "PHY_TX" "PHY_TX" 2 6;
 .timescale 0 0;
    .port_info 0 /INPUT 32 "data_input"
    .port_info 1 /INPUT 1 "valid"
    .port_info 2 /INPUT 1 "active"
    .port_info 3 /INPUT 1 "reset"
    .port_info 4 /INPUT 1 "clk_2f"
    .port_info 5 /INPUT 1 "clk_f"
    .port_info 6 /OUTPUT 8 "data_out_0"
    .port_info 7 /OUTPUT 8 "data_out_1"
    .port_info 8 /OUTPUT 1 "valid_out0"
    .port_info 9 /OUTPUT 1 "valid_out1"
o0x7f3662350468 .functor BUFZ 1, C4<z>; HiZ drive
v0x7fffe7415d20_0 .net "active", 0 0, o0x7f3662350468;  0 drivers
o0x7f3662350498 .functor BUFZ 1, C4<z>; HiZ drive
v0x7fffe7415e10_0 .net "clk_2f", 0 0, o0x7f3662350498;  0 drivers
o0x7f3662350018 .functor BUFZ 1, C4<z>; HiZ drive
v0x7fffe7415eb0_0 .net "clk_4f", 0 0, o0x7f3662350018;  0 drivers
o0x7f3662350888 .functor BUFZ 1, C4<z>; HiZ drive
v0x7fffe7415fa0_0 .net "clk_f", 0 0, o0x7f3662350888;  0 drivers
o0x7f36623504c8 .functor BUFZ 32, C4<zzzzzzzzzzzzzzzzzzzzzzzzzzzzzzzz>; HiZ drive
v0x7fffe7416040_0 .net "data_input", 31 0, o0x7f36623504c8;  0 drivers
v0x7fffe7416130_0 .net "data_out_0", 7 0, v0x7fffe7413b50_0;  1 drivers
v0x7fffe74161d0_0 .net "data_out_1", 7 0, v0x7fffe7414430_0;  1 drivers
v0x7fffe74162a0_0 .net "demux_0", 31 0, v0x7fffe7414e00_0;  1 drivers
v0x7fffe7416390_0 .net "demux_1_probador", 31 0, v0x7fffe7414ee0_0;  1 drivers
v0x7fffe7416450_0 .net "lane_0", 31 0, v0x7fffe74157f0_0;  1 drivers
v0x7fffe74164f0_0 .net "lane_1", 31 0, v0x7fffe74156f0_0;  1 drivers
o0x7f36623500d8 .functor BUFZ 1, C4<z>; HiZ drive
v0x7fffe7416600_0 .net "reset", 0 0, o0x7f36623500d8;  0 drivers
o0x7f3662350558 .functor BUFZ 1, C4<z>; HiZ drive
v0x7fffe74166a0_0 .net "valid", 0 0, o0x7f3662350558;  0 drivers
v0x7fffe7416740_0 .net "valid_demux_striping_0", 0 0, v0x7fffe7415b40_0;  1 drivers
v0x7fffe7416830_0 .net "valid_demux_striping_1", 0 0, v0x7fffe7415be0_0;  1 drivers
RS_0x7f3662350138 .resolv tri, v0x7fffe7413ec0_0, v0x7fffe7414760_0, v0x7fffe74150d0_0;
v0x7fffe7416920_0 .net8 "valid_out", 0 0, RS_0x7f3662350138;  3 drivers
o0x7f36623508b8 .functor BUFZ 1, C4<z>; HiZ drive
v0x7fffe74169c0_0 .net "valid_out0", 0 0, o0x7f36623508b8;  0 drivers
o0x7f36623508e8 .functor BUFZ 1, C4<z>; HiZ drive
v0x7fffe7416b70_0 .net "valid_out1", 0 0, o0x7f36623508e8;  0 drivers
S_0x7fffe73ea9f0 .scope module, "demux_lane_0" "demux32_8" 2 43, 3 1 0, S_0x7fffe73efbc0;
 .timescale 0 0;
    .port_info 0 /OUTPUT 8 "data_out"
    .port_info 1 /OUTPUT 1 "valid_out"
    .port_info 2 /INPUT 1 "reset"
    .port_info 3 /INPUT 1 "clk_4f"
    .port_info 4 /INPUT 32 "lane_0"
    .port_info 5 /INPUT 1 "valid_0"
v0x7fffe73e2030_0 .net "clk_4f", 0 0, o0x7f3662350018;  alias, 0 drivers
v0x7fffe7413a70_0 .var "counter1", 1 0;
v0x7fffe7413b50_0 .var "data_out", 7 0;
v0x7fffe7413c10_0 .net "lane_0", 31 0, v0x7fffe74157f0_0;  alias, 1 drivers
v0x7fffe7413cf0_0 .net "reset", 0 0, o0x7f36623500d8;  alias, 0 drivers
v0x7fffe7413e00_0 .net "valid_0", 0 0, v0x7fffe7415b40_0;  alias, 1 drivers
v0x7fffe7413ec0_0 .var "valid_out", 0 0;
E_0x7fffe73f7380 .event posedge, v0x7fffe73e2030_0;
S_0x7fffe7414040 .scope module, "demux_lane_1" "demux32_8" 2 52, 3 1 0, S_0x7fffe73efbc0;
 .timescale 0 0;
    .port_info 0 /OUTPUT 8 "data_out"
    .port_info 1 /OUTPUT 1 "valid_out"
    .port_info 2 /INPUT 1 "reset"
    .port_info 3 /INPUT 1 "clk_4f"
    .port_info 4 /INPUT 32 "lane_0"
    .port_info 5 /INPUT 1 "valid_0"
v0x7fffe74142d0_0 .net "clk_4f", 0 0, o0x7f3662350018;  alias, 0 drivers
v0x7fffe7414370_0 .var "counter1", 1 0;
v0x7fffe7414430_0 .var "data_out", 7 0;
v0x7fffe74144f0_0 .net "lane_0", 31 0, v0x7fffe74156f0_0;  alias, 1 drivers
v0x7fffe74145d0_0 .net "reset", 0 0, o0x7f36623500d8;  alias, 0 drivers
v0x7fffe74146c0_0 .net "valid_0", 0 0, v0x7fffe7415be0_0;  alias, 1 drivers
v0x7fffe7414760_0 .var "valid_out", 0 0;
S_0x7fffe74148a0 .scope module, "recirculador_inicial" "recirculador" 2 22, 4 1 0, S_0x7fffe73efbc0;
 .timescale 0 0;
    .port_info 0 /INPUT 1 "clk_2f"
    .port_info 1 /INPUT 32 "data_input"
    .port_info 2 /INPUT 1 "valid"
    .port_info 3 /INPUT 1 "active"
    .port_info 4 /OUTPUT 32 "demux_0"
    .port_info 5 /OUTPUT 32 "demux_1_probador"
    .port_info 6 /OUTPUT 1 "valid_out"
v0x7fffe7414b70_0 .net "active", 0 0, o0x7f3662350468;  alias, 0 drivers
v0x7fffe7414c50_0 .net "clk_2f", 0 0, o0x7f3662350498;  alias, 0 drivers
v0x7fffe7414d10_0 .net "data_input", 31 0, o0x7f36623504c8;  alias, 0 drivers
v0x7fffe7414e00_0 .var "demux_0", 31 0;
v0x7fffe7414ee0_0 .var "demux_1_probador", 31 0;
v0x7fffe7415010_0 .net "valid", 0 0, o0x7f3662350558;  alias, 0 drivers
v0x7fffe74150d0_0 .var "valid_out", 0 0;
E_0x7fffe73e1d40 .event posedge, v0x7fffe7414c50_0;
S_0x7fffe74152a0 .scope module, "u_demux_striping" "demux_striping" 2 32, 5 1 0, S_0x7fffe73efbc0;
 .timescale 0 0;
    .port_info 0 /INPUT 1 "clk_2f"
    .port_info 1 /INPUT 32 "data_input"
    .port_info 2 /INPUT 1 "valid_in"
    .port_info 3 /INPUT 1 "reset"
    .port_info 4 /OUTPUT 32 "lane_0"
    .port_info 5 /OUTPUT 32 "lane_1"
    .port_info 6 /OUTPUT 1 "valid_out0"
    .port_info 7 /OUTPUT 1 "valid_out1"
v0x7fffe7415590_0 .net "clk_2f", 0 0, o0x7f3662350498;  alias, 0 drivers
v0x7fffe7415650_0 .net "data_input", 31 0, v0x7fffe7414e00_0;  alias, 1 drivers
v0x7fffe74156f0_0 .var "lane_0", 31 0;
v0x7fffe74157f0_0 .var "lane_1", 31 0;
v0x7fffe74158c0_0 .net "reset", 0 0, o0x7f36623500d8;  alias, 0 drivers
v0x7fffe7415a00_0 .var "sel", 0 0;
v0x7fffe7415aa0_0 .net8 "valid_in", 0 0, RS_0x7f3662350138;  alias, 3 drivers
v0x7fffe7415b40_0 .var "valid_out0", 0 0;
v0x7fffe7415be0_0 .var "valid_out1", 0 0;
    .scope S_0x7fffe74148a0;
T_0 ;
    %wait E_0x7fffe73e1d40;
    %load/vec4 v0x7fffe7415010_0;
    %pad/u 32;
    %pushi/vec4 1, 0, 32;
    %cmp/e;
    %flag_get/vec4 4;
    %load/vec4 v0x7fffe7414b70_0;
    %pad/u 32;
    %pushi/vec4 1, 0, 32;
    %cmp/e;
    %flag_get/vec4 4;
    %and;
    %flag_set/vec4 8;
    %jmp/0xz  T_0.0, 8;
    %load/vec4 v0x7fffe7414d10_0;
    %assign/vec4 v0x7fffe7414e00_0, 0;
    %pushi/vec4 1, 0, 1;
    %assign/vec4 v0x7fffe74150d0_0, 0;
    %jmp T_0.1;
T_0.0 ;
    %load/vec4 v0x7fffe7415010_0;
    %pad/u 32;
    %cmpi/e 0, 0, 32;
    %flag_mov 8, 4;
    %load/vec4 v0x7fffe7414b70_0;
    %pad/u 32;
    %cmpi/e 0, 0, 32;
    %flag_or 4, 8;
    %jmp/0xz  T_0.2, 4;
    %load/vec4 v0x7fffe7414d10_0;
    %assign/vec4 v0x7fffe7414ee0_0, 0;
    %pushi/vec4 0, 0, 1;
    %assign/vec4 v0x7fffe74150d0_0, 0;
T_0.2 ;
T_0.1 ;
    %jmp T_0;
    .thread T_0;
    .scope S_0x7fffe74152a0;
T_1 ;
    %wait E_0x7fffe73e1d40;
    %load/vec4 v0x7fffe74158c0_0;
    %pad/u 32;
    %cmpi/e 0, 0, 32;
    %jmp/0xz  T_1.0, 4;
    %pushi/vec4 0, 0, 1;
    %store/vec4 v0x7fffe7415a00_0, 0, 1;
T_1.0 ;
    %load/vec4 v0x7fffe7415aa0_0;
    %pad/u 32;
    %pushi/vec4 1, 0, 32;
    %cmp/e;
    %flag_get/vec4 4;
    %load/vec4 v0x7fffe7415a00_0;
    %pad/u 32;
    %pushi/vec4 0, 0, 32;
    %cmp/e;
    %flag_get/vec4 4;
    %and;
    %flag_set/vec4 8;
    %jmp/0xz  T_1.2, 8;
    %load/vec4 v0x7fffe7415650_0;
    %assign/vec4 v0x7fffe74156f0_0, 0;
    %pushi/vec4 1, 0, 1;
    %assign/vec4 v0x7fffe7415a00_0, 0;
    %pushi/vec4 1, 0, 1;
    %assign/vec4 v0x7fffe7415b40_0, 0;
T_1.2 ;
    %load/vec4 v0x7fffe7415aa0_0;
    %pad/u 32;
    %pushi/vec4 1, 0, 32;
    %cmp/e;
    %flag_get/vec4 4;
    %load/vec4 v0x7fffe7415a00_0;
    %pad/u 32;
    %pushi/vec4 1, 0, 32;
    %cmp/e;
    %flag_get/vec4 4;
    %and;
    %flag_set/vec4 8;
    %jmp/0xz  T_1.4, 8;
    %load/vec4 v0x7fffe7415650_0;
    %assign/vec4 v0x7fffe74157f0_0, 0;
    %pushi/vec4 0, 0, 1;
    %assign/vec4 v0x7fffe7415a00_0, 0;
    %pushi/vec4 1, 0, 1;
    %assign/vec4 v0x7fffe7415be0_0, 0;
T_1.4 ;
    %load/vec4 v0x7fffe7415aa0_0;
    %pad/u 32;
    %pushi/vec4 0, 0, 32;
    %cmp/e;
    %flag_get/vec4 4;
    %load/vec4 v0x7fffe7415a00_0;
    %pad/u 32;
    %pushi/vec4 0, 0, 32;
    %cmp/e;
    %flag_get/vec4 4;
    %and;
    %flag_set/vec4 8;
    %jmp/0xz  T_1.6, 8;
    %pushi/vec4 1, 0, 1;
    %assign/vec4 v0x7fffe7415a00_0, 0;
    %pushi/vec4 0, 0, 1;
    %assign/vec4 v0x7fffe7415b40_0, 0;
T_1.6 ;
    %load/vec4 v0x7fffe7415aa0_0;
    %pad/u 32;
    %pushi/vec4 0, 0, 32;
    %cmp/e;
    %flag_get/vec4 4;
    %load/vec4 v0x7fffe7415a00_0;
    %pad/u 32;
    %pushi/vec4 1, 0, 32;
    %cmp/e;
    %flag_get/vec4 4;
    %and;
    %flag_set/vec4 8;
    %jmp/0xz  T_1.8, 8;
    %pushi/vec4 0, 0, 1;
    %assign/vec4 v0x7fffe7415a00_0, 0;
    %pushi/vec4 0, 0, 1;
    %assign/vec4 v0x7fffe7415be0_0, 0;
T_1.8 ;
    %jmp T_1;
    .thread T_1;
    .scope S_0x7fffe73ea9f0;
T_2 ;
    %wait E_0x7fffe73f7380;
    %load/vec4 v0x7fffe7413cf0_0;
    %pad/u 32;
    %cmpi/e 0, 0, 32;
    %jmp/0xz  T_2.0, 4;
    %pushi/vec4 0, 0, 2;
    %assign/vec4 v0x7fffe7413a70_0, 0;
    %pushi/vec4 0, 0, 1;
    %assign/vec4 v0x7fffe7413ec0_0, 0;
    %jmp T_2.1;
T_2.0 ;
    %load/vec4 v0x7fffe7413e00_0;
    %pad/u 32;
    %cmpi/e 1, 0, 32;
    %jmp/0xz  T_2.2, 4;
    %load/vec4 v0x7fffe7413a70_0;
    %cmpi/e 0, 0, 2;
    %jmp/0xz  T_2.4, 4;
    %load/vec4 v0x7fffe7413c10_0;
    %parti/s 8, 24, 6;
    %assign/vec4 v0x7fffe7413b50_0, 0;
    %load/vec4 v0x7fffe7413e00_0;
    %assign/vec4 v0x7fffe7413ec0_0, 0;
    %pushi/vec4 1, 0, 2;
    %assign/vec4 v0x7fffe7413a70_0, 0;
    %jmp T_2.5;
T_2.4 ;
    %load/vec4 v0x7fffe7413a70_0;
    %cmpi/e 1, 0, 2;
    %jmp/0xz  T_2.6, 4;
    %load/vec4 v0x7fffe7413c10_0;
    %parti/s 8, 16, 6;
    %assign/vec4 v0x7fffe7413b50_0, 0;
    %load/vec4 v0x7fffe7413e00_0;
    %assign/vec4 v0x7fffe7413ec0_0, 0;
    %pushi/vec4 2, 0, 2;
    %assign/vec4 v0x7fffe7413a70_0, 0;
    %jmp T_2.7;
T_2.6 ;
    %load/vec4 v0x7fffe7413a70_0;
    %cmpi/e 2, 0, 2;
    %jmp/0xz  T_2.8, 4;
    %load/vec4 v0x7fffe7413c10_0;
    %parti/s 8, 8, 5;
    %assign/vec4 v0x7fffe7413b50_0, 0;
    %load/vec4 v0x7fffe7413e00_0;
    %assign/vec4 v0x7fffe7413ec0_0, 0;
    %pushi/vec4 3, 0, 2;
    %assign/vec4 v0x7fffe7413a70_0, 0;
    %jmp T_2.9;
T_2.8 ;
    %load/vec4 v0x7fffe7413a70_0;
    %cmpi/e 3, 0, 2;
    %jmp/0xz  T_2.10, 4;
    %load/vec4 v0x7fffe7413c10_0;
    %parti/s 8, 0, 2;
    %assign/vec4 v0x7fffe7413b50_0, 0;
    %load/vec4 v0x7fffe7413e00_0;
    %assign/vec4 v0x7fffe7413ec0_0, 0;
    %pushi/vec4 0, 0, 2;
    %assign/vec4 v0x7fffe7413a70_0, 0;
T_2.10 ;
T_2.9 ;
T_2.7 ;
T_2.5 ;
    %jmp T_2.3;
T_2.2 ;
    %pushi/vec4 0, 0, 1;
    %assign/vec4 v0x7fffe7413ec0_0, 0;
    %pushi/vec4 0, 0, 2;
    %assign/vec4 v0x7fffe7413a70_0, 0;
T_2.3 ;
T_2.1 ;
    %jmp T_2;
    .thread T_2;
    .scope S_0x7fffe7414040;
T_3 ;
    %wait E_0x7fffe73f7380;
    %load/vec4 v0x7fffe74145d0_0;
    %pad/u 32;
    %cmpi/e 0, 0, 32;
    %jmp/0xz  T_3.0, 4;
    %pushi/vec4 0, 0, 2;
    %assign/vec4 v0x7fffe7414370_0, 0;
    %pushi/vec4 0, 0, 1;
    %assign/vec4 v0x7fffe7414760_0, 0;
    %jmp T_3.1;
T_3.0 ;
    %load/vec4 v0x7fffe74146c0_0;
    %pad/u 32;
    %cmpi/e 1, 0, 32;
    %jmp/0xz  T_3.2, 4;
    %load/vec4 v0x7fffe7414370_0;
    %cmpi/e 0, 0, 2;
    %jmp/0xz  T_3.4, 4;
    %load/vec4 v0x7fffe74144f0_0;
    %parti/s 8, 24, 6;
    %assign/vec4 v0x7fffe7414430_0, 0;
    %load/vec4 v0x7fffe74146c0_0;
    %assign/vec4 v0x7fffe7414760_0, 0;
    %pushi/vec4 1, 0, 2;
    %assign/vec4 v0x7fffe7414370_0, 0;
    %jmp T_3.5;
T_3.4 ;
    %load/vec4 v0x7fffe7414370_0;
    %cmpi/e 1, 0, 2;
    %jmp/0xz  T_3.6, 4;
    %load/vec4 v0x7fffe74144f0_0;
    %parti/s 8, 16, 6;
    %assign/vec4 v0x7fffe7414430_0, 0;
    %load/vec4 v0x7fffe74146c0_0;
    %assign/vec4 v0x7fffe7414760_0, 0;
    %pushi/vec4 2, 0, 2;
    %assign/vec4 v0x7fffe7414370_0, 0;
    %jmp T_3.7;
T_3.6 ;
    %load/vec4 v0x7fffe7414370_0;
    %cmpi/e 2, 0, 2;
    %jmp/0xz  T_3.8, 4;
    %load/vec4 v0x7fffe74144f0_0;
    %parti/s 8, 8, 5;
    %assign/vec4 v0x7fffe7414430_0, 0;
    %load/vec4 v0x7fffe74146c0_0;
    %assign/vec4 v0x7fffe7414760_0, 0;
    %pushi/vec4 3, 0, 2;
    %assign/vec4 v0x7fffe7414370_0, 0;
    %jmp T_3.9;
T_3.8 ;
    %load/vec4 v0x7fffe7414370_0;
    %cmpi/e 3, 0, 2;
    %jmp/0xz  T_3.10, 4;
    %load/vec4 v0x7fffe74144f0_0;
    %parti/s 8, 0, 2;
    %assign/vec4 v0x7fffe7414430_0, 0;
    %load/vec4 v0x7fffe74146c0_0;
    %assign/vec4 v0x7fffe7414760_0, 0;
    %pushi/vec4 0, 0, 2;
    %assign/vec4 v0x7fffe7414370_0, 0;
T_3.10 ;
T_3.9 ;
T_3.7 ;
T_3.5 ;
    %jmp T_3.3;
T_3.2 ;
    %pushi/vec4 0, 0, 1;
    %assign/vec4 v0x7fffe7414760_0, 0;
    %pushi/vec4 0, 0, 2;
    %assign/vec4 v0x7fffe7414370_0, 0;
T_3.3 ;
T_3.1 ;
    %jmp T_3;
    .thread T_3;
# The file index is used to find the file name in the following table.
:file_names 6;
    "N/A";
    "<interactive>";
    "phy_TX.v";
    "./../demux_32_8/demux32_8.v";
    "./../recirculador/recirculador.v";
    "./../demux_striping/demux_striping.v";
