#! /usr/bin/vvp
:ivl_version "10.3 (stable)";
:ivl_delay_selection "TYPICAL";
:vpi_time_precision + 0;
:vpi_module "system";
:vpi_module "vhdl_sys";
:vpi_module "v2005_math";
:vpi_module "va_math";
S_0x7fffda7421c0 .scope module, "banco_demux_8_32" "banco_demux_8_32" 2 4;
 .timescale 0 0;
v0x7fffda7963b0_0 .net "clk_2f", 0 0, v0x7fffda795f10_0;  1 drivers
v0x7fffda7964a0_0 .net "clk_4f", 0 0, v0x7fffda795fd0_0;  1 drivers
v0x7fffda796590_0 .net "data_in", 7 0, v0x7fffda796090_0;  1 drivers
v0x7fffda796680_0 .net "data_out", 31 0, v0x7fffda768f60_0;  1 drivers
v0x7fffda796770_0 .net "valid", 0 0, v0x7fffda7961d0_0;  1 drivers
v0x7fffda7968b0_0 .net "valid_out", 0 0, v0x7fffda769c40_0;  1 drivers
S_0x7fffda77bb00 .scope module, "u_demux_8_32" "demux_8_32" 2 10, 3 1 0, S_0x7fffda7421c0;
 .timescale 0 0;
    .port_info 0 /INPUT 1 "clk_4f"
    .port_info 1 /INPUT 8 "data_in"
    .port_info 2 /INPUT 1 "valid"
    .port_info 3 /OUTPUT 32 "data_out"
    .port_info 4 /OUTPUT 1 "valid_out"
v0x7fffda768700_0 .net "clk_4f", 0 0, v0x7fffda795fd0_0;  alias, 1 drivers
v0x7fffda768b40_0 .net "data_in", 7 0, v0x7fffda796090_0;  alias, 1 drivers
v0x7fffda768f60_0 .var "data_out", 31 0;
v0x7fffda7693c0_0 .var "selector", 1 0;
v0x7fffda769800_0 .net "valid", 0 0, v0x7fffda7961d0_0;  alias, 1 drivers
v0x7fffda769c40_0 .var "valid_out", 0 0;
E_0x7fffda781250 .event posedge, v0x7fffda768700_0;
S_0x7fffda795d20 .scope module, "u_probador_recirc" "probador_recirc" 2 18, 4 1 0, S_0x7fffda7421c0;
 .timescale 0 0;
    .port_info 0 /INPUT 32 "data_out"
    .port_info 1 /INPUT 1 "valid_out"
    .port_info 2 /OUTPUT 1 "valid"
    .port_info 3 /OUTPUT 8 "data_in"
    .port_info 4 /OUTPUT 1 "clk_4f"
    .port_info 5 /OUTPUT 1 "clk_2f"
v0x7fffda795f10_0 .var "clk_2f", 0 0;
v0x7fffda795fd0_0 .var "clk_4f", 0 0;
v0x7fffda796090_0 .var "data_in", 7 0;
v0x7fffda796130_0 .net "data_out", 31 0, v0x7fffda768f60_0;  alias, 1 drivers
v0x7fffda7961d0_0 .var "valid", 0 0;
v0x7fffda7962c0_0 .net "valid_out", 0 0, v0x7fffda769c40_0;  alias, 1 drivers
    .scope S_0x7fffda77bb00;
T_0 ;
    %pushi/vec4 0, 0, 2;
    %store/vec4 v0x7fffda7693c0_0, 0, 2;
    %end;
    .thread T_0;
    .scope S_0x7fffda77bb00;
T_1 ;
    %wait E_0x7fffda781250;
    %load/vec4 v0x7fffda769800_0;
    %pad/u 32;
    %cmpi/e 1, 0, 32;
    %jmp/0xz  T_1.0, 4;
    %load/vec4 v0x7fffda7693c0_0;
    %pad/u 32;
    %cmpi/e 0, 0, 32;
    %jmp/0xz  T_1.2, 4;
    %load/vec4 v0x7fffda768b40_0;
    %ix/load 4, 0, 0;
    %ix/load 5, 0, 0;
    %flag_set/imm 4, 0;
    %assign/vec4/off/d v0x7fffda768f60_0, 4, 5;
    %load/vec4 v0x7fffda769800_0;
    %assign/vec4 v0x7fffda769c40_0, 0;
    %pushi/vec4 1, 0, 2;
    %assign/vec4 v0x7fffda7693c0_0, 0;
    %jmp T_1.3;
T_1.2 ;
    %load/vec4 v0x7fffda7693c0_0;
    %pad/u 32;
    %cmpi/e 1, 0, 32;
    %jmp/0xz  T_1.4, 4;
    %load/vec4 v0x7fffda768b40_0;
    %ix/load 4, 8, 0;
    %ix/load 5, 0, 0;
    %flag_set/imm 4, 0;
    %assign/vec4/off/d v0x7fffda768f60_0, 4, 5;
    %load/vec4 v0x7fffda769800_0;
    %assign/vec4 v0x7fffda769c40_0, 0;
    %pushi/vec4 2, 0, 2;
    %assign/vec4 v0x7fffda7693c0_0, 0;
    %jmp T_1.5;
T_1.4 ;
    %load/vec4 v0x7fffda7693c0_0;
    %pad/u 32;
    %cmpi/e 10, 0, 32;
    %jmp/0xz  T_1.6, 4;
    %load/vec4 v0x7fffda768b40_0;
    %ix/load 4, 16, 0;
    %ix/load 5, 0, 0;
    %flag_set/imm 4, 0;
    %assign/vec4/off/d v0x7fffda768f60_0, 4, 5;
    %load/vec4 v0x7fffda769800_0;
    %assign/vec4 v0x7fffda769c40_0, 0;
    %pushi/vec4 3, 0, 2;
    %assign/vec4 v0x7fffda7693c0_0, 0;
    %jmp T_1.7;
T_1.6 ;
    %load/vec4 v0x7fffda7693c0_0;
    %pad/u 32;
    %cmpi/e 11, 0, 32;
    %jmp/0xz  T_1.8, 4;
    %load/vec4 v0x7fffda768b40_0;
    %ix/load 4, 24, 0;
    %ix/load 5, 0, 0;
    %flag_set/imm 4, 0;
    %assign/vec4/off/d v0x7fffda768f60_0, 4, 5;
    %load/vec4 v0x7fffda769800_0;
    %assign/vec4 v0x7fffda769c40_0, 0;
    %pushi/vec4 0, 0, 2;
    %assign/vec4 v0x7fffda7693c0_0, 0;
T_1.8 ;
T_1.7 ;
T_1.5 ;
T_1.3 ;
    %jmp T_1.1;
T_1.0 ;
    %pushi/vec4 0, 0, 1;
    %assign/vec4 v0x7fffda769c40_0, 0;
    %pushi/vec4 0, 0, 2;
    %assign/vec4 v0x7fffda7693c0_0, 0;
T_1.1 ;
    %jmp T_1;
    .thread T_1;
    .scope S_0x7fffda795d20;
T_2 ;
    %vpi_call 4 8 "$dumpfile", "recirculacion.vcd" {0 0 0};
    %vpi_call 4 9 "$dumpvars" {0 0 0};
    %pushi/vec4 0, 0, 1;
    %assign/vec4 v0x7fffda7961d0_0, 0;
    %pushi/vec4 0, 0, 8;
    %assign/vec4 v0x7fffda796090_0, 0;
    %wait E_0x7fffda781250;
    %pushi/vec4 0, 0, 1;
    %assign/vec4 v0x7fffda7961d0_0, 0;
    %pushi/vec4 238, 0, 8;
    %assign/vec4 v0x7fffda796090_0, 0;
    %wait E_0x7fffda781250;
    %pushi/vec4 1, 0, 1;
    %assign/vec4 v0x7fffda7961d0_0, 0;
    %pushi/vec4 255, 0, 8;
    %assign/vec4 v0x7fffda796090_0, 0;
    %wait E_0x7fffda781250;
    %pushi/vec4 1, 0, 1;
    %assign/vec4 v0x7fffda7961d0_0, 0;
    %pushi/vec4 255, 0, 8;
    %assign/vec4 v0x7fffda796090_0, 0;
    %wait E_0x7fffda781250;
    %pushi/vec4 0, 0, 1;
    %assign/vec4 v0x7fffda7961d0_0, 0;
    %pushi/vec4 204, 0, 8;
    %assign/vec4 v0x7fffda796090_0, 0;
    %wait E_0x7fffda781250;
    %pushi/vec4 1, 0, 1;
    %assign/vec4 v0x7fffda7961d0_0, 0;
    %pushi/vec4 170, 0, 8;
    %assign/vec4 v0x7fffda796090_0, 0;
    %wait E_0x7fffda781250;
    %pushi/vec4 1, 0, 1;
    %assign/vec4 v0x7fffda7961d0_0, 0;
    %pushi/vec4 18, 0, 8;
    %assign/vec4 v0x7fffda796090_0, 0;
    %wait E_0x7fffda781250;
    %pushi/vec4 1, 0, 1;
    %assign/vec4 v0x7fffda7961d0_0, 0;
    %pushi/vec4 187, 0, 8;
    %assign/vec4 v0x7fffda796090_0, 0;
    %wait E_0x7fffda781250;
    %wait E_0x7fffda781250;
    %vpi_call 4 45 "$finish" {0 0 0};
    %end;
    .thread T_2;
    .scope S_0x7fffda795d20;
T_3 ;
    %pushi/vec4 0, 0, 1;
    %assign/vec4 v0x7fffda795fd0_0, 0;
    %end;
    .thread T_3;
    .scope S_0x7fffda795d20;
T_4 ;
    %delay 1, 0;
    %load/vec4 v0x7fffda795fd0_0;
    %inv;
    %assign/vec4 v0x7fffda795fd0_0, 0;
    %jmp T_4;
    .thread T_4;
    .scope S_0x7fffda795d20;
T_5 ;
    %pushi/vec4 0, 0, 1;
    %assign/vec4 v0x7fffda795f10_0, 0;
    %end;
    .thread T_5;
    .scope S_0x7fffda795d20;
T_6 ;
    %delay 2, 0;
    %load/vec4 v0x7fffda795f10_0;
    %inv;
    %assign/vec4 v0x7fffda795f10_0, 0;
    %jmp T_6;
    .thread T_6;
# The file index is used to find the file name in the following table.
:file_names 5;
    "N/A";
    "<interactive>";
    "banco_demux_8_32.v";
    "./demux_8_32.v";
    "./probador_demux_8_32.v";
