#! /usr/bin/vvp
:ivl_version "10.3 (stable)";
:ivl_delay_selection "TYPICAL";
:vpi_time_precision + 0;
:vpi_module "system";
:vpi_module "vhdl_sys";
:vpi_module "v2005_math";
:vpi_module "va_math";
S_0x7ffff6aca130 .scope module, "paralelo_serial" "paralelo_serial" 2 1;
 .timescale 0 0;
    .port_info 0 /INPUT 1 "clk_4f"
    .port_info 1 /INPUT 1 "clk_32f"
    .port_info 2 /INPUT 8 "data_in"
    .port_info 3 /INPUT 1 "valid_in"
    .port_info 4 /INPUT 1 "reset"
    .port_info 5 /OUTPUT 1 "data_out"
o0x7f1719850018 .functor BUFZ 1, C4<z>; HiZ drive
v0x7ffff6aca390_0 .net "clk_32f", 0 0, o0x7f1719850018;  0 drivers
o0x7f1719850048 .functor BUFZ 1, C4<z>; HiZ drive
v0x7ffff6b16c00_0 .net "clk_4f", 0 0, o0x7f1719850048;  0 drivers
v0x7ffff6b16cc0_0 .var "data2send", 7 0;
o0x7f17198500a8 .functor BUFZ 8, C4<zzzzzzzz>; HiZ drive
v0x7ffff6b16d80_0 .net "data_in", 7 0, o0x7f17198500a8;  0 drivers
v0x7ffff6b16e60_0 .var "data_out", 0 0;
o0x7f1719850108 .functor BUFZ 1, C4<z>; HiZ drive
v0x7ffff6b16f70_0 .net "reset", 0 0, o0x7f1719850108;  0 drivers
v0x7ffff6b17030_0 .var "selector", 2 0;
o0x7f1719850168 .functor BUFZ 1, C4<z>; HiZ drive
v0x7ffff6b17110_0 .net "valid_in", 0 0, o0x7f1719850168;  0 drivers
E_0x7ffff6affe30 .event posedge, v0x7ffff6aca390_0;
E_0x7ffff6aff6d0 .event posedge, v0x7ffff6b16c00_0;
    .scope S_0x7ffff6aca130;
T_0 ;
    %wait E_0x7ffff6aff6d0;
    %load/vec4 v0x7ffff6b16f70_0;
    %pad/u 32;
    %cmpi/e 0, 0, 32;
    %flag_mov 8, 4;
    %load/vec4 v0x7ffff6b17110_0;
    %pad/u 32;
    %cmpi/e 0, 0, 32;
    %flag_or 4, 8;
    %jmp/0xz  T_0.0, 4;
    %pushi/vec4 7, 0, 3;
    %assign/vec4 v0x7ffff6b17030_0, 0;
    %pushi/vec4 188, 0, 8;
    %assign/vec4 v0x7ffff6b16cc0_0, 0;
    %jmp T_0.1;
T_0.0 ;
    %load/vec4 v0x7ffff6b16d80_0;
    %assign/vec4 v0x7ffff6b16cc0_0, 0;
T_0.1 ;
    %jmp T_0;
    .thread T_0;
    .scope S_0x7ffff6aca130;
T_1 ;
    %wait E_0x7ffff6affe30;
    %load/vec4 v0x7ffff6b16f70_0;
    %pad/u 32;
    %cmpi/e 1, 0, 32;
    %jmp/0xz  T_1.0, 4;
    %load/vec4 v0x7ffff6b17030_0;
    %cmpi/e 7, 0, 3;
    %jmp/0xz  T_1.2, 4;
    %load/vec4 v0x7ffff6b16cc0_0;
    %parti/s 1, 7, 4;
    %assign/vec4 v0x7ffff6b16e60_0, 0;
    %pushi/vec4 6, 0, 3;
    %assign/vec4 v0x7ffff6b17030_0, 0;
    %jmp T_1.3;
T_1.2 ;
    %load/vec4 v0x7ffff6b17030_0;
    %cmpi/e 6, 0, 3;
    %jmp/0xz  T_1.4, 4;
    %load/vec4 v0x7ffff6b16cc0_0;
    %parti/s 1, 6, 4;
    %assign/vec4 v0x7ffff6b16e60_0, 0;
    %pushi/vec4 5, 0, 3;
    %assign/vec4 v0x7ffff6b17030_0, 0;
    %jmp T_1.5;
T_1.4 ;
    %load/vec4 v0x7ffff6b17030_0;
    %cmpi/e 5, 0, 3;
    %jmp/0xz  T_1.6, 4;
    %load/vec4 v0x7ffff6b16cc0_0;
    %parti/s 1, 5, 4;
    %assign/vec4 v0x7ffff6b16e60_0, 0;
    %pushi/vec4 4, 0, 3;
    %assign/vec4 v0x7ffff6b17030_0, 0;
    %jmp T_1.7;
T_1.6 ;
    %load/vec4 v0x7ffff6b17030_0;
    %cmpi/e 4, 0, 3;
    %jmp/0xz  T_1.8, 4;
    %load/vec4 v0x7ffff6b16cc0_0;
    %parti/s 1, 4, 4;
    %assign/vec4 v0x7ffff6b16e60_0, 0;
    %pushi/vec4 3, 0, 3;
    %assign/vec4 v0x7ffff6b17030_0, 0;
    %jmp T_1.9;
T_1.8 ;
    %load/vec4 v0x7ffff6b17030_0;
    %cmpi/e 3, 0, 3;
    %jmp/0xz  T_1.10, 4;
    %load/vec4 v0x7ffff6b16cc0_0;
    %parti/s 1, 3, 3;
    %assign/vec4 v0x7ffff6b16e60_0, 0;
    %pushi/vec4 2, 0, 3;
    %assign/vec4 v0x7ffff6b17030_0, 0;
    %jmp T_1.11;
T_1.10 ;
    %load/vec4 v0x7ffff6b17030_0;
    %cmpi/e 2, 0, 3;
    %jmp/0xz  T_1.12, 4;
    %load/vec4 v0x7ffff6b16cc0_0;
    %parti/s 1, 2, 3;
    %assign/vec4 v0x7ffff6b16e60_0, 0;
    %pushi/vec4 1, 0, 3;
    %assign/vec4 v0x7ffff6b17030_0, 0;
    %jmp T_1.13;
T_1.12 ;
    %load/vec4 v0x7ffff6b17030_0;
    %cmpi/e 1, 0, 3;
    %jmp/0xz  T_1.14, 4;
    %load/vec4 v0x7ffff6b16cc0_0;
    %parti/s 1, 1, 2;
    %assign/vec4 v0x7ffff6b16e60_0, 0;
    %pushi/vec4 0, 0, 3;
    %assign/vec4 v0x7ffff6b17030_0, 0;
    %jmp T_1.15;
T_1.14 ;
    %load/vec4 v0x7ffff6b17030_0;
    %cmpi/e 0, 0, 3;
    %jmp/0xz  T_1.16, 4;
    %load/vec4 v0x7ffff6b16cc0_0;
    %parti/s 1, 0, 2;
    %assign/vec4 v0x7ffff6b16e60_0, 0;
    %pushi/vec4 7, 0, 3;
    %assign/vec4 v0x7ffff6b17030_0, 0;
T_1.16 ;
T_1.15 ;
T_1.13 ;
T_1.11 ;
T_1.9 ;
T_1.7 ;
T_1.5 ;
T_1.3 ;
    %jmp T_1.1;
T_1.0 ;
    %pushi/vec4 0, 0, 1;
    %assign/vec4 v0x7ffff6b16e60_0, 0;
T_1.1 ;
    %jmp T_1;
    .thread T_1;
# The file index is used to find the file name in the following table.
:file_names 3;
    "N/A";
    "<interactive>";
    "paralelo_serial.v";
